<?xml version="1.0" encoding="UTF-8"?>
<testng-results ignored="0" total="1" passed="1" failed="0" skipped="0">
  <reporter-output>
  </reporter-output>
  <suite started-at="2023-05-28T16:57:54 IST" name="Default suite" finished-at="2023-05-28T16:57:58 IST" duration-ms="4180">
    <groups>
    </groups>
    <test started-at="2023-05-28T16:57:54 IST" name="Default test" finished-at="2023-05-28T16:57:58 IST" duration-ms="4180">
      <class name="testAPIs.PostViaExcel">
        <test-method signature="postTest(java.lang.String,java.lang.String,java.lang.String)[pri:0, instance:testAPIs.PostViaExcel@10e92f8f]" started-at="2023-05-28T16:57:55 IST" name="postTest" data-provider="Excel Data Provider" finished-at="2023-05-28T16:57:58 IST" duration-ms="3405" status="PASS">
          <params>
            <param index="0">
              <value>
                <![CDATA[Missy@gmail.com]]>
              </value>
            </param>
            <param index="1">
              <value>
                <![CDATA[Missy]]>
              </value>
            </param>
            <param index="2">
              <value>
                <![CDATA[Cooper]]>
              </value>
            </param>
          </params>
          <reporter-output>
          </reporter-output>
        </test-method> <!-- postTest -->
      </class> <!-- testAPIs.PostViaExcel -->
    </test> <!-- Default test -->
  </suite> <!-- Default suite -->
</testng-results>
